<?xml version="1.0" encoding="UTF-8"?>
<testng-results skipped="0" failed="0" total="1" passed="1">
  <reporter-output>
  </reporter-output>
  <suite name="Default suite" duration-ms="42" started-at="2020-04-29T21:06:48Z" finished-at="2020-04-29T21:06:48Z">
    <groups>
    </groups>
    <test name="Default test" duration-ms="42" started-at="2020-04-29T21:06:48Z" finished-at="2020-04-29T21:06:48Z">
      <class name="pipelineProject.pipeline.Class1">
        <test-method status="PASS" signature="tc()[pri:0, instance:pipelineProject.pipeline.Class1@548a9f61]" name="tc" duration-ms="16" started-at="2020-04-29T14:06:48Z" finished-at="2020-04-29T14:06:48Z">
          <reporter-output>
          </reporter-output>
        </test-method> <!-- tc -->
      </class> <!-- pipelineProject.pipeline.Class1 -->
    </test> <!-- Default test -->
  </suite> <!-- Default suite -->
</testng-results>
